<?xml version="1.0" encoding="UTF-8"?>
<!-- Generated by org.testng.reporters.JUnitReportReporter -->
<testsuite hostname="FLASH-00316.local" failures="0" tests="1" name="freeNowTest.freeNowTestNG" time="3.190" errors="0" timestamp="2019-11-11T10:29:45 CET" skipped="0">
  <testcase classname="freeNowTest.freeNowTestNG" name="findUser" time="3.190"/>
</testsuite> <!-- freeNowTest.freeNowTestNG -->
