<?xml version="1.0" encoding="UTF-8"?>
<!-- Generated by org.testng.reporters.JUnitReportReporter -->
<testsuite hostname="FLASH-00316.local" failures="0" tests="1" name="freeNowTest.freeNowTestNG" time="1.774" errors="0" timestamp="2019-11-10T21:49:19 CET" skipped="0">
  <testcase classname="freeNowTest.freeNowTestNG" name="findUser" time="1.774"/>
</testsuite> <!-- freeNowTest.freeNowTestNG -->
