<?xml version="1.0" encoding="UTF-8"?>
<!-- Generated by org.testng.reporters.JUnitReportReporter -->
<testsuite hostname="FLASH-00316.local" failures="0" tests="1" name="snapengageTestNG.snapengageLogin" time="7.961" errors="0" timestamp="2019-11-07T14:41:20 CET" skipped="0">
  <testcase classname="snapengageTestNG.snapengageLogin" name="snapengageTestLogin" time="7.961"/>
</testsuite> <!-- snapengageTestNG.snapengageLogin -->
