<?xml version="1.0" encoding="UTF-8"?>
<!-- Generated by org.testng.reporters.JUnitReportReporter -->
<testsuite hostname="FLASH-00316.local" failures="0" tests="2" name="sampleprojectautomation.ShareNowAPITest" time="1.564" errors="0" timestamp="2019-11-13T21:40:08 CET" skipped="0">
  <testcase classname="sampleprojectautomation.ShareNowAPITest" name="testdoorstatusfrontlefts" time="0.164"/>
  <testcase classname="sampleprojectautomation.ShareNowAPITest" name="testdecklidstatus" time="1.400"/>
</testsuite> <!-- sampleprojectautomation.ShareNowAPITest -->
